<?xml version="1.0" encoding="UTF-8"?>
<testng-results ignored="0" total="1" passed="1" failed="0" skipped="0">
  <reporter-output>
  </reporter-output>
  <suite started-at="2022-09-30T16:37:23 IST" name="Default suite" finished-at="2022-09-30T16:37:23 IST" duration-ms="51">
    <groups>
    </groups>
    <test started-at="2022-09-30T16:37:23 IST" name="Default test" finished-at="2022-09-30T16:37:23 IST" duration-ms="51">
      <class name="sample.DemoTest">
        <test-method signature="add()[pri:0, instance:sample.DemoTest@418e7838]" started-at="2022-09-30T16:37:23 IST" name="add" finished-at="2022-09-30T16:37:23 IST" duration-ms="11" status="PASS">
          <reporter-output>
          </reporter-output>
        </test-method> <!-- add -->
      </class> <!-- sample.DemoTest -->
    </test> <!-- Default test -->
  </suite> <!-- Default suite -->
</testng-results>
